# JRE version: OpenJDK Runtime Environment (8.0_202-b03) (build 1.8.0_202-release-1483-b03)
# Java VM: OpenJDK 64-Bit Server VM (25.202-b03 mixed mode windows-amd64 compressed oops)
Heap:
 PSYoungGen      total 485888K, used 32759K [0x00000000e0000000, 0x0000000100000000, 0x0000000100000000)
  eden space 453120K, 0% used [0x00000000e0000000,0x00000000e0000000,0x00000000fba80000)
  from space 32768K, 99% used [0x00000000fba80000,0x00000000fda7ddb0,0x00000000fda80000)
  to   space 38400K, 0% used [0x00000000fda80000,0x00000000fda80000,0x0000000100000000)
 ParOldGen       total 873984K, used 864951K [0x00000000a0000000, 0x00000000d5580000, 0x00000000e0000000)
  object space 873984K, 98% used [0x00000000a0000000,0x00000000d4cadef8,0x00000000d5580000)
 Metaspace       used 212594K, capacity 228792K, committed 229184K, reserved 1249280K
  class space    used 26908K, capacity 29841K, committed 30056K, reserved 1048576K
GC Heap History (10 events):
Event: 4570.623 GC heap after
Heap after GC invocations=165 (full 6):
 PSYoungGen      total 478720K, used 7936K [0x00000000e0000000, 0x00000000ffd80000, 0x0000000100000000)
  eden space 438272K, 0% used [0x00000000e0000000,0x00000000e0000000,0x00000000fac00000)
  from space 40448K, 19% used [0x00000000fac00000,0x00000000fb3c0000,0x00000000fd380000)
  to   space 38400K, 0% used [0x00000000fd800000,0x00000000fd800000,0x00000000ffd80000)
 ParOldGen       total 873984K, used 819188K [0x00000000a0000000, 0x00000000d5580000, 0x00000000e0000000)
  object space 873984K, 93% used [0x00000000a0000000,0x00000000d1ffd188,0x00000000d5580000)
 Metaspace       used 212343K, capacity 228440K, committed 228928K, reserved 1249280K
  class space    used 26878K, capacity 29809K, committed 30056K, reserved 1048576K
}
Event: 4571.866 GC heap before
{Heap before GC invocations=166 (full 6):
 PSYoungGen      total 478720K, used 446208K [0x00000000e0000000, 0x00000000ffd80000, 0x0000000100000000)
  eden space 438272K, 100% used [0x00000000e0000000,0x00000000fac00000,0x00000000fac00000)
  from space 40448K, 19% used [0x00000000fac00000,0x00000000fb3c0000,0x00000000fd380000)
  to   space 38400K, 0% used [0x00000000fd800000,0x00000000fd800000,0x00000000ffd80000)
 ParOldGen       total 873984K, used 819188K [0x00000000a0000000, 0x00000000d5580000, 0x00000000e0000000)
  object space 873984K, 93% used [0x00000000a0000000,0x00000000d1ffd188,0x00000000d5580000)
 Metaspace       used 212368K, capacity 228522K, committed 228928K, reserved 1249280K
  class space    used 26883K, capacity 29814K, committed 30056K, reserved 1048576K
Event: 4571.882 GC heap after
Heap after GC invocations=166 (full 6):
 PSYoungGen      total 481280K, used 9984K [0x00000000e0000000, 0x00000000ffb00000, 0x0000000100000000)
  eden space 445440K, 0% used [0x00000000e0000000,0x00000000e0000000,0x00000000fb300000)
  from space 35840K, 27% used [0x00000000fd800000,0x00000000fe1c0020,0x00000000ffb00000)
  to   space 36864K, 0% used [0x00000000fb300000,0x00000000fb300000,0x00000000fd700000)
 ParOldGen       total 873984K, used 826900K [0x00000000a0000000, 0x00000000d5580000, 0x00000000e0000000)
  object space 873984K, 94% used [0x00000000a0000000,0x00000000d27851f8,0x00000000d5580000)
 Metaspace       used 212368K, capacity 228522K, committed 228928K, reserved 1249280K
  class space    used 26883K, capacity 29814K, committed 30056K, reserved 1048576K
}
Event: 4572.696 GC heap before
{Heap before GC invocations=167 (full 6):
 PSYoungGen      total 481280K, used 455424K [0x00000000e0000000, 0x00000000ffb00000, 0x0000000100000000)
  eden space 445440K, 100% used [0x00000000e0000000,0x00000000fb300000,0x00000000fb300000)
  from space 35840K, 27% used [0x00000000fd800000,0x00000000fe1c0020,0x00000000ffb00000)
  to   space 36864K, 0% used [0x00000000fb300000,0x00000000fb300000,0x00000000fd700000)
 ParOldGen       total 873984K, used 826900K [0x00000000a0000000, 0x00000000d5580000, 0x00000000e0000000)
  object space 873984K, 94% used [0x00000000a0000000,0x00000000d27851f8,0x00000000d5580000)
 Metaspace       used 212391K, capacity 228530K, committed 228928K, reserved 1249280K
  class space    used 26888K, capacity 29816K, committed 30056K, reserved 1048576K
Event: 4572.720 GC heap after
Heap after GC invocations=167 (full 6):
 PSYoungGen      total 482304K, used 13436K [0x00000000e0000000, 0x00000000ffc00000, 0x0000000100000000)
  eden space 445440K, 0% used [0x00000000e0000000,0x00000000e0000000,0x00000000fb300000)
  from space 36864K, 36% used [0x00000000fb300000,0x00000000fc01f0d8,0x00000000fd700000)
  to   space 34304K, 0% used [0x00000000fda80000,0x00000000fda80000,0x00000000ffc00000)
 ParOldGen       total 873984K, used 836208K [0x00000000a0000000, 0x00000000d5580000, 0x00000000e0000000)
  object space 873984K, 95% used [0x00000000a0000000,0x00000000d309c238,0x00000000d5580000)
 Metaspace       used 212391K, capacity 228530K, committed 228928K, reserved 1249280K
  class space    used 26888K, capacity 29816K, committed 30056K, reserved 1048576K
}
Event: 4573.573 GC heap before
{Heap before GC invocations=168 (full 6):
 PSYoungGen      total 482304K, used 458876K [0x00000000e0000000, 0x00000000ffc00000, 0x0000000100000000)
  eden space 445440K, 100% used [0x00000000e0000000,0x00000000fb300000,0x00000000fb300000)
  from space 36864K, 36% used [0x00000000fb300000,0x00000000fc01f0d8,0x00000000fd700000)
  to   space 34304K, 0% used [0x00000000fda80000,0x00000000fda80000,0x00000000ffc00000)
 ParOldGen       total 873984K, used 836208K [0x00000000a0000000, 0x00000000d5580000, 0x00000000e0000000)
  object space 873984K, 95% used [0x00000000a0000000,0x00000000d309c238,0x00000000d5580000)
 Metaspace       used 212421K, capacity 228546K, committed 228928K, reserved 1249280K
  class space    used 26889K, capacity 29818K, committed 30056K, reserved 1048576K
Event: 4573.599 GC heap after
Heap after GC invocations=168 (full 6):
 PSYoungGen      total 485888K, used 9654K [0x00000000e0000000, 0x00000000ffa80000, 0x0000000100000000)
  eden space 453120K, 0% used [0x00000000e0000000,0x00000000e0000000,0x00000000fba80000)
  from space 32768K, 29% used [0x00000000fda80000,0x00000000fe3ed8d8,0x00000000ffa80000)
  to   space 32768K, 0% used [0x00000000fba80000,0x00000000fba80000,0x00000000fda80000)
 ParOldGen       total 873984K, used 844071K [0x00000000a0000000, 0x00000000d5580000, 0x00000000e0000000)
  object space 873984K, 96% used [0x00000000a0000000,0x00000000d3849f28,0x00000000d5580000)
 Metaspace       used 212421K, capacity 228546K, committed 228928K, reserved 1249280K
  class space    used 26889K, capacity 29818K, committed 30056K, reserved 1048576K
}
Event: 4575.263 GC heap before
{Heap before GC invocations=169 (full 6):
 PSYoungGen      total 485888K, used 462774K [0x00000000e0000000, 0x00000000ffa80000, 0x0000000100000000)
  eden space 453120K, 100% used [0x00000000e0000000,0x00000000fba80000,0x00000000fba80000)
  from space 32768K, 29% used [0x00000000fda80000,0x00000000fe3ed8d8,0x00000000ffa80000)
  to   space 32768K, 0% used [0x00000000fba80000,0x00000000fba80000,0x00000000fda80000)
 ParOldGen       total 873984K, used 844071K [0x00000000a0000000, 0x00000000d5580000, 0x00000000e0000000)
  object space 873984K, 96% used [0x00000000a0000000,0x00000000d3849f28,0x00000000d5580000)
 Metaspace       used 212594K, capacity 228792K, committed 229184K, reserved 1249280K
  class space    used 26908K, capacity 29841K, committed 30056K, reserved 1048576K
Event: 4575.300 GC heap after
Heap after GC invocations=169 (full 6):
 PSYoungGen      total 485888K, used 32759K [0x00000000e0000000, 0x0000000100000000, 0x0000000100000000)
  eden space 453120K, 0% used [0x00000000e0000000,0x00000000e0000000,0x00000000fba80000)
  from space 32768K, 99% used [0x00000000fba80000,0x00000000fda7ddb0,0x00000000fda80000)
  to   space 38400K, 0% used [0x00000000fda80000,0x00000000fda80000,0x0000000100000000)
 ParOldGen       total 873984K, used 864951K [0x00000000a0000000, 0x00000000d5580000, 0x00000000e0000000)
  object space 873984K, 98% used [0x00000000a0000000,0x00000000d4cadef8,0x00000000d5580000)
 Metaspace       used 212594K, capacity 228792K, committed 229184K, reserved 1249280K
  class space    used 26908K, capacity 29841K, committed 30056K, reserved 1048576K
}
Event: 4575.300 GC heap before
{Heap before GC invocations=170 (full 7):
 PSYoungGen      total 485888K, used 32759K [0x00000000e0000000, 0x0000000100000000, 0x0000000100000000)
  eden space 453120K, 0% used [0x00000000e0000000,0x00000000e0000000,0x00000000fba80000)
  from space 32768K, 99% used [0x00000000fba80000,0x00000000fda7ddb0,0x00000000fda80000)
  to   space 38400K, 0% used [0x00000000fda80000,0x00000000fda80000,0x0000000100000000)
 ParOldGen       total 873984K, used 864951K [0x00000000a0000000, 0x00000000d5580000, 0x00000000e0000000)
  object space 873984K, 98% used [0x00000000a0000000,0x00000000d4cadef8,0x00000000d5580000)
 Metaspace       used 212594K, capacity 228792K, committed 229184K, reserved 1249280K
  class space    used 26908K, capacity 29841K, committed 30056K, reserved 1048576K

